Pig Stack Trace
---------------
ERROR 1070: Could not resolve org.apache.pig.piggybank.storage.CSVExcelStorage using imports: [, java.lang., org.apache.pig.builtin., org.apache.pig.impl.builtin.]

org.apache.pig.impl.logicalLayer.FrontendException: ERROR 1000: Error during parsing. Could not resolve org.apache.pig.piggybank.storage.CSVExcelStorage using imports: [, java.lang., org.apache.pig.builtin., org.apache.pig.impl.builtin.]
	at org.apache.pig.PigServer$Graph.parseQuery(PigServer.java:1701)
	at org.apache.pig.PigServer$Graph.access$000(PigServer.java:1421)
	at org.apache.pig.PigServer.parseAndBuild(PigServer.java:354)
	at org.apache.pig.PigServer.executeBatch(PigServer.java:379)
	at org.apache.pig.PigServer.executeBatch(PigServer.java:365)
	at org.apache.pig.tools.grunt.GruntParser.executeBatch(GruntParser.java:140)
	at org.apache.pig.tools.grunt.GruntParser.parseStopOnError(GruntParser.java:202)
	at org.apache.pig.tools.grunt.GruntParser.parseStopOnError(GruntParser.java:173)
	at org.apache.pig.tools.grunt.Grunt.exec(Grunt.java:84)
	at org.apache.pig.Main.run(Main.java:613)
	at org.apache.pig.Main.main(Main.java:158)
	at sun.reflect.NativeMethodAccessorImpl.invoke0(Native Method)
	at sun.reflect.NativeMethodAccessorImpl.invoke(NativeMethodAccessorImpl.java:62)
	at sun.reflect.DelegatingMethodAccessorImpl.invoke(DelegatingMethodAccessorImpl.java:43)
	at java.lang.reflect.Method.invoke(Method.java:497)
	at org.apache.hadoop.util.RunJar.run(RunJar.java:221)
	at org.apache.hadoop.util.RunJar.main(RunJar.java:136)
Caused by: Failed to parse: Pig script failed to parse: 
<file DiagnosisFormat.pig, line 2, column 0> pig script failed to validate: org.apache.pig.backend.executionengine.ExecException: ERROR 1070: Could not resolve org.apache.pig.piggybank.storage.CSVExcelStorage using imports: [, java.lang., org.apache.pig.builtin., org.apache.pig.impl.builtin.]
	at org.apache.pig.parser.QueryParserDriver.parse(QueryParserDriver.java:196)
	at org.apache.pig.PigServer$Graph.parseQuery(PigServer.java:1688)
	... 16 more
Caused by: 
<file DiagnosisFormat.pig, line 2, column 0> pig script failed to validate: org.apache.pig.backend.executionengine.ExecException: ERROR 1070: Could not resolve org.apache.pig.piggybank.storage.CSVExcelStorage using imports: [, java.lang., org.apache.pig.builtin., org.apache.pig.impl.builtin.]
	at org.apache.pig.parser.LogicalPlanBuilder.validateFuncSpec(LogicalPlanBuilder.java:1260)
	at org.apache.pig.parser.LogicalPlanBuilder.buildFuncSpec(LogicalPlanBuilder.java:1245)
	at org.apache.pig.parser.LogicalPlanGenerator.func_clause(LogicalPlanGenerator.java:5153)
	at org.apache.pig.parser.LogicalPlanGenerator.load_clause(LogicalPlanGenerator.java:3515)
	at org.apache.pig.parser.LogicalPlanGenerator.op_clause(LogicalPlanGenerator.java:1625)
	at org.apache.pig.parser.LogicalPlanGenerator.general_statement(LogicalPlanGenerator.java:1102)
	at org.apache.pig.parser.LogicalPlanGenerator.statement(LogicalPlanGenerator.java:560)
	at org.apache.pig.parser.LogicalPlanGenerator.query(LogicalPlanGenerator.java:421)
	at org.apache.pig.parser.QueryParserDriver.parse(QueryParserDriver.java:188)
	... 17 more
Caused by: org.apache.pig.backend.executionengine.ExecException: ERROR 1070: Could not resolve org.apache.pig.piggybank.storage.CSVExcelStorage using imports: [, java.lang., org.apache.pig.builtin., org.apache.pig.impl.builtin.]
	at org.apache.pig.impl.PigContext.resolveClassName(PigContext.java:653)
	at org.apache.pig.parser.LogicalPlanBuilder.validateFuncSpec(LogicalPlanBuilder.java:1257)
	... 25 more
================================================================================
