Pig Stack Trace
---------------
ERROR 1003: Unable to find an operator for alias inpatientClasim

org.apache.pig.impl.logicalLayer.FrontendException: ERROR 1003: Unable to find an operator for alias inpatientClasim
	at org.apache.pig.PigServer$Graph.buildPlan(PigServer.java:1525)
	at org.apache.pig.PigServer.storeEx(PigServer.java:985)
	at org.apache.pig.PigServer.store(PigServer.java:954)
	at org.apache.pig.PigServer.openIterator(PigServer.java:867)
	at org.apache.pig.tools.grunt.GruntParser.processDump(GruntParser.java:774)
	at org.apache.pig.tools.pigscript.parser.PigScriptParser.parse(PigScriptParser.java:372)
	at org.apache.pig.tools.grunt.GruntParser.parseStopOnError(GruntParser.java:198)
	at org.apache.pig.tools.grunt.GruntParser.parseStopOnError(GruntParser.java:173)
	at org.apache.pig.tools.grunt.Grunt.run(Grunt.java:69)
	at org.apache.pig.Main.run(Main.java:547)
	at org.apache.pig.Main.main(Main.java:158)
	at sun.reflect.NativeMethodAccessorImpl.invoke0(Native Method)
	at sun.reflect.NativeMethodAccessorImpl.invoke(NativeMethodAccessorImpl.java:62)
	at sun.reflect.DelegatingMethodAccessorImpl.invoke(DelegatingMethodAccessorImpl.java:43)
	at java.lang.reflect.Method.invoke(Method.java:497)
	at org.apache.hadoop.util.RunJar.run(RunJar.java:221)
	at org.apache.hadoop.util.RunJar.main(RunJar.java:136)
================================================================================
Pig Stack Trace
---------------
ERROR 2998: Unhandled internal error. java.io.IOException: Filesystem closed

java.lang.Error: java.io.IOException: Filesystem closed
	at org.apache.pig.backend.hadoop.executionengine.HJob$1.hasNext(HJob.java:118)
	at org.apache.pig.tools.grunt.GruntParser.processDump(GruntParser.java:775)
	at org.apache.pig.tools.pigscript.parser.PigScriptParser.parse(PigScriptParser.java:372)
	at org.apache.pig.tools.grunt.GruntParser.parseStopOnError(GruntParser.java:198)
	at org.apache.pig.tools.grunt.GruntParser.parseStopOnError(GruntParser.java:173)
	at org.apache.pig.tools.grunt.Grunt.run(Grunt.java:69)
	at org.apache.pig.Main.run(Main.java:547)
	at org.apache.pig.Main.main(Main.java:158)
	at sun.reflect.NativeMethodAccessorImpl.invoke0(Native Method)
	at sun.reflect.NativeMethodAccessorImpl.invoke(NativeMethodAccessorImpl.java:62)
	at sun.reflect.DelegatingMethodAccessorImpl.invoke(DelegatingMethodAccessorImpl.java:43)
	at java.lang.reflect.Method.invoke(Method.java:497)
	at org.apache.hadoop.util.RunJar.run(RunJar.java:221)
	at org.apache.hadoop.util.RunJar.main(RunJar.java:136)
Caused by: java.io.IOException: Filesystem closed
	at org.apache.hadoop.hdfs.DFSClient.checkOpen(DFSClient.java:837)
	at org.apache.hadoop.hdfs.DFSInputStream.readWithStrategy(DFSInputStream.java:837)
	at org.apache.hadoop.hdfs.DFSInputStream.read(DFSInputStream.java:903)
	at java.io.DataInputStream.read(DataInputStream.java:149)
	at java.io.BufferedInputStream.fill(BufferedInputStream.java:246)
	at java.io.BufferedInputStream.read1(BufferedInputStream.java:286)
	at java.io.BufferedInputStream.read(BufferedInputStream.java:345)
	at org.apache.pig.impl.io.BufferedPositionedInputStream.read(BufferedPositionedInputStream.java:59)
	at java.io.DataInputStream.readFully(DataInputStream.java:195)
	at java.io.DataInputStream.readFully(DataInputStream.java:169)
	at org.apache.pig.data.utils.SedesHelper.readBytes(SedesHelper.java:57)
	at org.apache.pig.data.BinInterSedes.readDatum(BinInterSedes.java:415)
	at org.apache.pig.data.BinInterSedes.readDatum(BinInterSedes.java:318)
	at org.apache.pig.data.utils.SedesHelper.readGenericTuple(SedesHelper.java:144)
	at org.apache.pig.data.BinInterSedes.readDatum(BinInterSedes.java:349)
	at org.apache.pig.impl.io.InterRecordReader.nextKeyValue(InterRecordReader.java:113)
	at org.apache.pig.impl.io.InterStorage.getNext(InterStorage.java:78)
	at org.apache.pig.impl.io.ReadToEndLoader.getNext(ReadToEndLoader.java:229)
	at org.apache.pig.backend.hadoop.executionengine.HJob$1.hasNext(HJob.java:111)
	... 13 more
================================================================================
